<?xml version="1.0" encoding="UTF-8"?>
<!-- Generated by org.testng.reporters.JUnitReportReporter -->
<testsuite hostname="DESKTOP-169Q8T6" failures="0" tests="2" name="BasicTestNG.ExecutionParameter" time="54.645" errors="0" timestamp="2024-03-07T11:20:52 IST" skipped="0">
  <testcase classname="BasicTestNG.ExecutionParameter" name="FaccebookTest" time="28.127"/>
  <system-out/>
  <testcase classname="BasicTestNG.ExecutionParameter" name="FaccebookTest" time="26.518"/>
  <system-out/>
</testsuite> <!-- BasicTestNG.ExecutionParameter -->
