<?xml version="1.0" encoding="UTF-8"?>
<!-- Generated by org.testng.reporters.JUnitReportReporter -->
<testsuite hostname="DESKTOP-169Q8T6" failures="0" tests="2" name="BasicTestNG.BeforeAfter" time="0.035" errors="0" timestamp="2024-02-28T11:23:33 IST" skipped="0">
  <testcase classname="BasicTestNG.BeforeAfter" name="mintra" time="0.013"/>
  <system-out/>
  <testcase classname="BasicTestNG.BeforeAfter" name="faceBook" time="0.022"/>
  <system-out/>
</testsuite> <!-- BasicTestNG.BeforeAfter -->
