<?xml version="1.0" encoding="UTF-8"?>
<!-- Generated by org.testng.reporters.JUnitReportReporter -->
<testsuite hostname="DESKTOP-169Q8T6" failures="0" tests="1" name="BasicTestNG.Execution4" time="45.540" errors="0" timestamp="2024-03-07T11:10:04 IST" skipped="0">
  <testcase classname="BasicTestNG.Execution4" name="FaccebookTest" time="45.540"/>
  <system-out/>
</testsuite> <!-- BasicTestNG.Execution4 -->
