<?xml version="1.0" encoding="UTF-8"?>
<!-- Generated by org.testng.reporters.JUnitReportReporter -->
<testsuite hostname="DESKTOP-169Q8T6" failures="0" tests="1" name="vTiger.ContactsTestNG" time="104.436" errors="0" timestamp="2024-03-07T09:25:51 IST" skipped="0">
  <testcase classname="vTiger.ContactsTestNG" name="ContactsTest" time="104.436"/>
  <system-out>
    <![CDATA[ContactsTest TestScript execution is started :]]>
  </system-out>
</testsuite> <!-- vTiger.ContactsTestNG -->
