<?xml version="1.0" encoding="UTF-8"?>
<!-- Generated by org.testng.reporters.JUnitReportReporter -->
<testsuite hostname="DESKTOP-169Q8T6" failures="0" tests="1" name="BasicTestNG.AssertMethod" time="16.159" errors="0" timestamp="2024-02-29T10:12:57 IST" skipped="0">
  <testcase classname="BasicTestNG.AssertMethod" name="Myntra" time="16.159"/>
  <system-out/>
</testsuite> <!-- BasicTestNG.AssertMethod -->
