<?xml version="1.0" encoding="UTF-8"?>
<!-- Generated by org.testng.reporters.JUnitReportReporter -->
<testsuite hostname="DESKTOP-169Q8T6" failures="0" tests="2" name="BasicTestNG.ExecutionParallelClass" time="368.203" errors="0" timestamp="2024-03-07T11:40:23 IST" skipped="0">
  <testcase classname="BasicTestNG.ExecutionParallelClass" name="AjioTest" time="85.849"/>
  <system-out/>
  <testcase classname="BasicTestNG.ExecutionParallelClass" name="FaccebookTest" time="282.354"/>
  <system-out/>
</testsuite> <!-- BasicTestNG.ExecutionParallelClass -->
