<?xml version="1.0" encoding="UTF-8"?>
<!-- Generated by org.testng.reporters.JUnitReportReporter -->
<testsuite hostname="DESKTOP-169Q8T6" failures="0" tests="4" name="BasicTestNG.ExecutionParallel" time="240.492" errors="0" timestamp="2024-03-07T11:40:23 IST" skipped="0">
  <testcase classname="BasicTestNG.ExecutionParallel" name="AjioTest" time="36.903"/>
  <system-out/>
  <testcase classname="BasicTestNG.ExecutionParallel" name="mintraTest" time="129.175"/>
  <system-out/>
  <testcase classname="BasicTestNG.ExecutionParallel" name="FaccebookTest" time="34.174"/>
  <system-out/>
  <testcase classname="BasicTestNG.ExecutionParallel" name="instagramTest" time="40.240"/>
  <system-out/>
</testsuite> <!-- BasicTestNG.ExecutionParallel -->
