<?xml version="1.0" encoding="UTF-8"?>
<!-- Generated by org.testng.reporters.JUnitReportReporter -->
<testsuite hostname="DESKTOP-169Q8T6" failures="0" tests="4" name="BasicTestNG.AjioTest" time="338.440" errors="0" timestamp="2024-02-28T10:39:41 IST" skipped="0">
  <testcase classname="BasicTestNG.AjioTest" name="mintra" time="19.731"/>
  <system-out/>
  <testcase classname="BasicTestNG.AjioTest" name="ajioTest" time="98.178"/>
  <system-out/>
  <testcase classname="BasicTestNG.AjioTest" name="ajioTest" time="32.763"/>
  <system-out/>
  <testcase classname="BasicTestNG.AjioTest" name="facebook" time="187.768"/>
  <system-out/>
</testsuite> <!-- BasicTestNG.AjioTest -->
