<?xml version="1.0" encoding="UTF-8"?>
<!-- Generated by org.testng.reporters.JUnitReportReporter -->
<testsuite hostname="DESKTOP-169Q8T6" failures="0" tests="2" name="BasicTestNG.Execution1" time="27.762" errors="0" timestamp="2024-03-07T10:30:08 IST" skipped="0">
  <testcase classname="BasicTestNG.Execution1" name="FaccebookTest" time="14.137"/>
  <system-out/>
  <testcase classname="BasicTestNG.Execution1" name="instagramTest" time="13.625"/>
  <system-out/>
</testsuite> <!-- BasicTestNG.Execution1 -->
