<?xml version="1.0" encoding="UTF-8"?>
<!-- Generated by org.testng.reporters.JUnitReportReporter -->
<testsuite hostname="DESKTOP-169Q8T6" failures="0" tests="1" name="vTiger.Organization" time="114.210" errors="0" timestamp="2024-03-06T12:31:50 IST" skipped="0">
  <testcase classname="vTiger.Organization" name="organizationTest" time="114.210"/>
  <system-out>
    <![CDATA[organizationTest TestScript execution is started :]]>
  </system-out>
</testsuite> <!-- vTiger.Organization -->
